/home/maggie/miniconda3/envs/timesformer/lib/python3.10/site-packages/torch/distributed/launch.py:178: FutureWarning: The module torch.distributed.launch is deprecated
and will be removed in future. Use torchrun.
Note that --use_env is set by default in torchrun.
If your script expects `--local_rank` argument to be set, please
change it to read from `os.environ['LOCAL_RANK']` instead. See 
https://pytorch.org/docs/stable/distributed.html#launch-utility for 
further instructions

  warnings.warn(
/home/maggie/miniconda3/envs/timesformer/lib/python3.10/site-packages/torchvision/io/image.py:11: UserWarning: Failed to load image Python extension: /home/maggie/miniconda3/envs/timesformer/lib/python3.10/site-packages/torchvision/image.so: undefined symbol: _ZN5torch3jit17parseSchemaOrNameERKNSt7__cxx1112basic_stringIcSt11char_traitsIcESaIcEEE
  warn(f"Failed to load image Python extension: {e}")
/home/maggie/VideoMAE_curriculum/modeling_finetune.py:289: UserWarning: Overwriting vit_small_patch16_224 in registry with modeling_finetune.vit_small_patch16_224. This is because the name being registered conflicts with an existing name. Please check if this is not expected.
  def vit_small_patch16_224(pretrained=False, **kwargs):
/home/maggie/VideoMAE_curriculum/modeling_finetune.py:300: UserWarning: Overwriting vit_base_patch16_224 in registry with modeling_finetune.vit_base_patch16_224. This is because the name being registered conflicts with an existing name. Please check if this is not expected.
  def vit_base_patch16_224(pretrained=False, **kwargs):
/home/maggie/VideoMAE_curriculum/modeling_finetune.py:311: UserWarning: Overwriting vit_base_patch16_384 in registry with modeling_finetune.vit_base_patch16_384. This is because the name being registered conflicts with an existing name. Please check if this is not expected.
  def vit_base_patch16_384(pretrained=False, **kwargs):
/home/maggie/VideoMAE_curriculum/modeling_finetune.py:320: UserWarning: Overwriting vit_large_patch16_224 in registry with modeling_finetune.vit_large_patch16_224. This is because the name being registered conflicts with an existing name. Please check if this is not expected.
  def vit_large_patch16_224(pretrained=False, **kwargs):
/home/maggie/VideoMAE_curriculum/modeling_finetune.py:329: UserWarning: Overwriting vit_large_patch16_384 in registry with modeling_finetune.vit_large_patch16_384. This is because the name being registered conflicts with an existing name. Please check if this is not expected.
  def vit_large_patch16_384(pretrained=False, **kwargs):
[2025-01-13 10:16:02,263] [INFO] [real_accelerator.py:191:get_accelerator] Setting ds_accelerator to cuda (auto detect)
| distributed init (rank 0): env://, gpu 0
Namespace(batch_size=12, epochs=40, update_freq=1, save_ckpt_freq=10, model='vit_small_patch16_224', tubelet_size=2, input_size=224, fc_drop_rate=0.0, drop=0.0, attn_drop_rate=0.0, drop_path=0.1, disable_eval_during_finetuning=False, model_ema=False, model_ema_decay=0.9999, model_ema_force_cpu=False, opt='adamw', opt_eps=1e-08, opt_betas=[0.9, 0.999], clip_grad=None, momentum=0.9, weight_decay=0.05, weight_decay_end=None, lr=0.001, layer_decay=0.7, warmup_lr=1e-06, min_lr=1e-06, warmup_epochs=5, warmup_steps=-1, color_jitter=0.4, num_sample=2, aa='rand-m7-n4-mstd0.5-inc1', smoothing=0.1, train_interpolation='bicubic', crop_pct=None, short_side_size=224, test_num_segment=2, test_num_crop=3, reprob=0.25, remode='pixel', recount=1, resplit=False, mixup=0.8, cutmix=1.0, cutmix_minmax=None, mixup_prob=1.0, mixup_switch_prob=0.5, mixup_mode='batch', finetune='/home/maggie/VideoMAE_checkpoints/pretrain_checkpoint/pretrain_checkpoint_small_ssv2.pth', model_key='model|module', model_prefix='', init_scale=0.001, use_checkpoint=False, use_mean_pooling=True, data_path='/home/maggie/VideoMAE_curriculum/labels/ssv2', eval_data_path=None, nb_classes=174, imagenet_default_mean_and_std=True, num_segments=1, num_frames=16, sampling_rate=4, data_set='SSV2', output_dir='/home/maggie/VideoMAE_checkpoints_curriculum/ssv2_small_20data_random_as_wrong_samples/', log_dir='/home/maggie/VideoMAE_checkpoints_curriculum/ssv2_small_20data_random_as_wrong_samples/', device='cuda', seed=0, resume='', auto_resume=True, save_ckpt=True, start_epoch=0, eval=False, dist_eval=True, num_workers=10, pin_mem=True, world_size=1, local_rank=0, dist_on_itp=False, dist_url='env://', enable_deepspeed=True, deepspeed=False, deepspeed_config='/home/maggie/VideoMAE_checkpoints_curriculum/ssv2_small_20data_random_as_wrong_samples/deepspeed_config.json', deepscale=False, deepscale_config=None, rank=0, gpu=0, distributed=True, dist_backend='nccl')
Number of the class = 174
Number of the class = 174
Number of the class = 174
Sampler_train = <torch.utils.data.distributed.DistributedSampler object at 0x7fc4950ae980>
Mixup is activated!
Patch size = (16, 16)
Load ckpt from /home/maggie/VideoMAE_checkpoints/pretrain_checkpoint/pretrain_checkpoint_small_ssv2.pth
Load state_dict by model_key = model
Weights of VisionTransformer not initialized from pretrained model: ['fc_norm.weight', 'fc_norm.bias', 'head.weight', 'head.bias']
Weights from pretrained model not used in VisionTransformer: ['mask_token', 'decoder.blocks.0.norm1.weight', 'decoder.blocks.0.norm1.bias', 'decoder.blocks.0.attn.q_bias', 'decoder.blocks.0.attn.v_bias', 'decoder.blocks.0.attn.qkv.weight', 'decoder.blocks.0.attn.proj.weight', 'decoder.blocks.0.attn.proj.bias', 'decoder.blocks.0.norm2.weight', 'decoder.blocks.0.norm2.bias', 'decoder.blocks.0.mlp.fc1.weight', 'decoder.blocks.0.mlp.fc1.bias', 'decoder.blocks.0.mlp.fc2.weight', 'decoder.blocks.0.mlp.fc2.bias', 'decoder.blocks.1.norm1.weight', 'decoder.blocks.1.norm1.bias', 'decoder.blocks.1.attn.q_bias', 'decoder.blocks.1.attn.v_bias', 'decoder.blocks.1.attn.qkv.weight', 'decoder.blocks.1.attn.proj.weight', 'decoder.blocks.1.attn.proj.bias', 'decoder.blocks.1.norm2.weight', 'decoder.blocks.1.norm2.bias', 'decoder.blocks.1.mlp.fc1.weight', 'decoder.blocks.1.mlp.fc1.bias', 'decoder.blocks.1.mlp.fc2.weight', 'decoder.blocks.1.mlp.fc2.bias', 'decoder.blocks.2.norm1.weight', 'decoder.blocks.2.norm1.bias', 'decoder.blocks.2.attn.q_bias', 'decoder.blocks.2.attn.v_bias', 'decoder.blocks.2.attn.qkv.weight', 'decoder.blocks.2.attn.proj.weight', 'decoder.blocks.2.attn.proj.bias', 'decoder.blocks.2.norm2.weight', 'decoder.blocks.2.norm2.bias', 'decoder.blocks.2.mlp.fc1.weight', 'decoder.blocks.2.mlp.fc1.bias', 'decoder.blocks.2.mlp.fc2.weight', 'decoder.blocks.2.mlp.fc2.bias', 'decoder.blocks.3.norm1.weight', 'decoder.blocks.3.norm1.bias', 'decoder.blocks.3.attn.q_bias', 'decoder.blocks.3.attn.v_bias', 'decoder.blocks.3.attn.qkv.weight', 'decoder.blocks.3.attn.proj.weight', 'decoder.blocks.3.attn.proj.bias', 'decoder.blocks.3.norm2.weight', 'decoder.blocks.3.norm2.bias', 'decoder.blocks.3.mlp.fc1.weight', 'decoder.blocks.3.mlp.fc1.bias', 'decoder.blocks.3.mlp.fc2.weight', 'decoder.blocks.3.mlp.fc2.bias', 'decoder.norm.weight', 'decoder.norm.bias', 'decoder.head.weight', 'decoder.head.bias', 'encoder_to_decoder.weight', 'norm.weight', 'norm.bias']
Model = VisionTransformer(
  (patch_embed): PatchEmbed(
    (proj): Conv3d(3, 384, kernel_size=(2, 16, 16), stride=(2, 16, 16))
  )
  (pos_drop): Dropout(p=0.0, inplace=False)
  (blocks): ModuleList(
    (0): Block(
      (norm1): LayerNorm((384,), eps=1e-06, elementwise_affine=True)
      (attn): Attention(
        (qkv): Linear(in_features=384, out_features=1152, bias=False)
        (attn_drop): Dropout(p=0.0, inplace=False)
        (proj): Linear(in_features=384, out_features=384, bias=True)
        (proj_drop): Dropout(p=0.0, inplace=False)
      )
      (drop_path): Identity()
      (norm2): LayerNorm((384,), eps=1e-06, elementwise_affine=True)
      (mlp): Mlp(
        (fc1): Linear(in_features=384, out_features=1536, bias=True)
        (act): GELU(approximate=none)
        (fc2): Linear(in_features=1536, out_features=384, bias=True)
        (drop): Dropout(p=0.0, inplace=False)
      )
    )
    (1): Block(
      (norm1): LayerNorm((384,), eps=1e-06, elementwise_affine=True)
      (attn): Attention(
        (qkv): Linear(in_features=384, out_features=1152, bias=False)
        (attn_drop): Dropout(p=0.0, inplace=False)
        (proj): Linear(in_features=384, out_features=384, bias=True)
        (proj_drop): Dropout(p=0.0, inplace=False)
      )
      (drop_path): DropPath(p=0.00909090880304575)
      (norm2): LayerNorm((384,), eps=1e-06, elementwise_affine=True)
      (mlp): Mlp(
        (fc1): Linear(in_features=384, out_features=1536, bias=True)
        (act): GELU(approximate=none)
        (fc2): Linear(in_features=1536, out_features=384, bias=True)
        (drop): Dropout(p=0.0, inplace=False)
      )
    )
    (2): Block(
      (norm1): LayerNorm((384,), eps=1e-06, elementwise_affine=True)
      (attn): Attention(
        (qkv): Linear(in_features=384, out_features=1152, bias=False)
        (attn_drop): Dropout(p=0.0, inplace=False)
        (proj): Linear(in_features=384, out_features=384, bias=True)
        (proj_drop): Dropout(p=0.0, inplace=False)
      )
      (drop_path): DropPath(p=0.0181818176060915)
      (norm2): LayerNorm((384,), eps=1e-06, elementwise_affine=True)
      (mlp): Mlp(
        (fc1): Linear(in_features=384, out_features=1536, bias=True)
        (act): GELU(approximate=none)
        (fc2): Linear(in_features=1536, out_features=384, bias=True)
        (drop): Dropout(p=0.0, inplace=False)
      )
    )
    (3): Block(
      (norm1): LayerNorm((384,), eps=1e-06, elementwise_affine=True)
      (attn): Attention(
        (qkv): Linear(in_features=384, out_features=1152, bias=False)
        (attn_drop): Dropout(p=0.0, inplace=False)
        (proj): Linear(in_features=384, out_features=384, bias=True)
        (proj_drop): Dropout(p=0.0, inplace=False)
      )
      (drop_path): DropPath(p=0.027272727340459824)
      (norm2): LayerNorm((384,), eps=1e-06, elementwise_affine=True)
      (mlp): Mlp(
        (fc1): Linear(in_features=384, out_features=1536, bias=True)
        (act): GELU(approximate=none)
        (fc2): Linear(in_features=1536, out_features=384, bias=True)
        (drop): Dropout(p=0.0, inplace=False)
      )
    )
    (4): Block(
      (norm1): LayerNorm((384,), eps=1e-06, elementwise_affine=True)
      (attn): Attention(
        (qkv): Linear(in_features=384, out_features=1152, bias=False)
        (attn_drop): Dropout(p=0.0, inplace=False)
        (proj): Linear(in_features=384, out_features=384, bias=True)
        (proj_drop): Dropout(p=0.0, inplace=False)
      )
      (drop_path): DropPath(p=0.036363635212183)
      (norm2): LayerNorm((384,), eps=1e-06, elementwise_affine=True)
      (mlp): Mlp(
        (fc1): Linear(in_features=384, out_features=1536, bias=True)
        (act): GELU(approximate=none)
        (fc2): Linear(in_features=1536, out_features=384, bias=True)
        (drop): Dropout(p=0.0, inplace=False)
      )
    )
    (5): Block(
      (norm1): LayerNorm((384,), eps=1e-06, elementwise_affine=True)
      (attn): Attention(
        (qkv): Linear(in_features=384, out_features=1152, bias=False)
        (attn_drop): Dropout(p=0.0, inplace=False)
        (proj): Linear(in_features=384, out_features=384, bias=True)
        (proj_drop): Dropout(p=0.0, inplace=False)
      )
      (drop_path): DropPath(p=0.045454543083906174)
      (norm2): LayerNorm((384,), eps=1e-06, elementwise_affine=True)
      (mlp): Mlp(
        (fc1): Linear(in_features=384, out_features=1536, bias=True)
        (act): GELU(approximate=none)
        (fc2): Linear(in_features=1536, out_features=384, bias=True)
        (drop): Dropout(p=0.0, inplace=False)
      )
    )
    (6): Block(
      (norm1): LayerNorm((384,), eps=1e-06, elementwise_affine=True)
      (attn): Attention(
        (qkv): Linear(in_features=384, out_features=1152, bias=False)
        (attn_drop): Dropout(p=0.0, inplace=False)
        (proj): Linear(in_features=384, out_features=384, bias=True)
        (proj_drop): Dropout(p=0.0, inplace=False)
      )
      (drop_path): DropPath(p=0.054545458406209946)
      (norm2): LayerNorm((384,), eps=1e-06, elementwise_affine=True)
      (mlp): Mlp(
        (fc1): Linear(in_features=384, out_features=1536, bias=True)
        (act): GELU(approximate=none)
        (fc2): Linear(in_features=1536, out_features=384, bias=True)
        (drop): Dropout(p=0.0, inplace=False)
      )
    )
    (7): Block(
      (norm1): LayerNorm((384,), eps=1e-06, elementwise_affine=True)
      (attn): Attention(
        (qkv): Linear(in_features=384, out_features=1152, bias=False)
        (attn_drop): Dropout(p=0.0, inplace=False)
        (proj): Linear(in_features=384, out_features=384, bias=True)
        (proj_drop): Dropout(p=0.0, inplace=False)
      )
      (drop_path): DropPath(p=0.06363636255264282)
      (norm2): LayerNorm((384,), eps=1e-06, elementwise_affine=True)
      (mlp): Mlp(
        (fc1): Linear(in_features=384, out_features=1536, bias=True)
        (act): GELU(approximate=none)
        (fc2): Linear(in_features=1536, out_features=384, bias=True)
        (drop): Dropout(p=0.0, inplace=False)
      )
    )
    (8): Block(
      (norm1): LayerNorm((384,), eps=1e-06, elementwise_affine=True)
      (attn): Attention(
        (qkv): Linear(in_features=384, out_features=1152, bias=False)
        (attn_drop): Dropout(p=0.0, inplace=False)
        (proj): Linear(in_features=384, out_features=384, bias=True)
        (proj_drop): Dropout(p=0.0, inplace=False)
      )
      (drop_path): DropPath(p=0.0727272778749466)
      (norm2): LayerNorm((384,), eps=1e-06, elementwise_affine=True)
      (mlp): Mlp(
        (fc1): Linear(in_features=384, out_features=1536, bias=True)
        (act): GELU(approximate=none)
        (fc2): Linear(in_features=1536, out_features=384, bias=True)
        (drop): Dropout(p=0.0, inplace=False)
      )
    )
    (9): Block(
      (norm1): LayerNorm((384,), eps=1e-06, elementwise_affine=True)
      (attn): Attention(
        (qkv): Linear(in_features=384, out_features=1152, bias=False)
        (attn_drop): Dropout(p=0.0, inplace=False)
        (proj): Linear(in_features=384, out_features=384, bias=True)
        (proj_drop): Dropout(p=0.0, inplace=False)
      )
      (drop_path): DropPath(p=0.08181818574666977)
      (norm2): LayerNorm((384,), eps=1e-06, elementwise_affine=True)
      (mlp): Mlp(
        (fc1): Linear(in_features=384, out_features=1536, bias=True)
        (act): GELU(approximate=none)
        (fc2): Linear(in_features=1536, out_features=384, bias=True)
        (drop): Dropout(p=0.0, inplace=False)
      )
    )
    (10): Block(
      (norm1): LayerNorm((384,), eps=1e-06, elementwise_affine=True)
      (attn): Attention(
        (qkv): Linear(in_features=384, out_features=1152, bias=False)
        (attn_drop): Dropout(p=0.0, inplace=False)
        (proj): Linear(in_features=384, out_features=384, bias=True)
        (proj_drop): Dropout(p=0.0, inplace=False)
      )
      (drop_path): DropPath(p=0.09090909361839294)
      (norm2): LayerNorm((384,), eps=1e-06, elementwise_affine=True)
      (mlp): Mlp(
        (fc1): Linear(in_features=384, out_features=1536, bias=True)
        (act): GELU(approximate=none)
        (fc2): Linear(in_features=1536, out_features=384, bias=True)
        (drop): Dropout(p=0.0, inplace=False)
      )
    )
    (11): Block(
      (norm1): LayerNorm((384,), eps=1e-06, elementwise_affine=True)
      (attn): Attention(
        (qkv): Linear(in_features=384, out_features=1152, bias=False)
        (attn_drop): Dropout(p=0.0, inplace=False)
        (proj): Linear(in_features=384, out_features=384, bias=True)
        (proj_drop): Dropout(p=0.0, inplace=False)
      )
      (drop_path): DropPath(p=0.10000000149011612)
      (norm2): LayerNorm((384,), eps=1e-06, elementwise_affine=True)
      (mlp): Mlp(
        (fc1): Linear(in_features=384, out_features=1536, bias=True)
        (act): GELU(approximate=none)
        (fc2): Linear(in_features=1536, out_features=384, bias=True)
        (drop): Dropout(p=0.0, inplace=False)
      )
    )
  )
  (norm): Identity()
  (fc_norm): LayerNorm((384,), eps=1e-06, elementwise_affine=True)
  (fc_dropout): Identity()
  (head): Linear(in_features=384, out_features=174, bias=True)
)
number of params: 21946926
LR = 0.00004688
Batch size = 12
Update frequent = 1
Number of training examples = 33709
Number of training training per epoch = 2809
Assigned values = [0.009688901040699992, 0.01384128720099999, 0.019773267429999988, 0.028247524899999984, 0.04035360699999998, 0.05764800999999997, 0.08235429999999996, 0.11764899999999996, 0.16806999999999994, 0.24009999999999995, 0.3429999999999999, 0.48999999999999994, 0.7, 1.0]
Skip weight decay list:  {'pos_embed', 'cls_token'}
Param groups = {
  "layer_0_decay": {
    "weight_decay": 0.05,
    "params": [
      "patch_embed.proj.weight"
    ],
    "lr_scale": 0.009688901040699992
  },
  "layer_0_no_decay": {
    "weight_decay": 0.0,
    "params": [
      "patch_embed.proj.bias"
    ],
    "lr_scale": 0.009688901040699992
  },
  "layer_1_no_decay": {
    "weight_decay": 0.0,
    "params": [
      "blocks.0.norm1.weight",
      "blocks.0.norm1.bias",
      "blocks.0.attn.q_bias",
      "blocks.0.attn.v_bias",
      "blocks.0.attn.proj.bias",
      "blocks.0.norm2.weight",
      "blocks.0.norm2.bias",
      "blocks.0.mlp.fc1.bias",
      "blocks.0.mlp.fc2.bias"
    ],
    "lr_scale": 0.01384128720099999
  },
  "layer_1_decay": {
    "weight_decay": 0.05,
    "params": [
      "blocks.0.attn.qkv.weight",
      "blocks.0.attn.proj.weight",
      "blocks.0.mlp.fc1.weight",
      "blocks.0.mlp.fc2.weight"
    ],
    "lr_scale": 0.01384128720099999
  },
  "layer_2_no_decay": {
    "weight_decay": 0.0,
    "params": [
      "blocks.1.norm1.weight",
      "blocks.1.norm1.bias",
      "blocks.1.attn.q_bias",
      "blocks.1.attn.v_bias",
      "blocks.1.attn.proj.bias",
      "blocks.1.norm2.weight",
      "blocks.1.norm2.bias",
      "blocks.1.mlp.fc1.bias",
      "blocks.1.mlp.fc2.bias"
    ],
    "lr_scale": 0.019773267429999988
  },
  "layer_2_decay": {
    "weight_decay": 0.05,
    "params": [
      "blocks.1.attn.qkv.weight",
      "blocks.1.attn.proj.weight",
      "blocks.1.mlp.fc1.weight",
      "blocks.1.mlp.fc2.weight"
    ],
    "lr_scale": 0.019773267429999988
  },
  "layer_3_no_decay": {
    "weight_decay": 0.0,
    "params": [
      "blocks.2.norm1.weight",
      "blocks.2.norm1.bias",
      "blocks.2.attn.q_bias",
      "blocks.2.attn.v_bias",
      "blocks.2.attn.proj.bias",
      "blocks.2.norm2.weight",
      "blocks.2.norm2.bias",
      "blocks.2.mlp.fc1.bias",
      "blocks.2.mlp.fc2.bias"
    ],
    "lr_scale": 0.028247524899999984
  },
  "layer_3_decay": {
    "weight_decay": 0.05,
    "params": [
      "blocks.2.attn.qkv.weight",
      "blocks.2.attn.proj.weight",
      "blocks.2.mlp.fc1.weight",
      "blocks.2.mlp.fc2.weight"
    ],
    "lr_scale": 0.028247524899999984
  },
  "layer_4_no_decay": {
    "weight_decay": 0.0,
    "params": [
      "blocks.3.norm1.weight",
      "blocks.3.norm1.bias",
      "blocks.3.attn.q_bias",
      "blocks.3.attn.v_bias",
      "blocks.3.attn.proj.bias",
      "blocks.3.norm2.weight",
      "blocks.3.norm2.bias",
      "blocks.3.mlp.fc1.bias",
      "blocks.3.mlp.fc2.bias"
    ],
    "lr_scale": 0.04035360699999998
  },
  "layer_4_decay": {
    "weight_decay": 0.05,
    "params": [
      "blocks.3.attn.qkv.weight",
      "blocks.3.attn.proj.weight",
      "blocks.3.mlp.fc1.weight",
      "blocks.3.mlp.fc2.weight"
    ],
    "lr_scale": 0.04035360699999998
  },
  "layer_5_no_decay": {
    "weight_decay": 0.0,
    "params": [
      "blocks.4.norm1.weight",
      "blocks.4.norm1.bias",
      "blocks.4.attn.q_bias",
      "blocks.4.attn.v_bias",
      "blocks.4.attn.proj.bias",
      "blocks.4.norm2.weight",
      "blocks.4.norm2.bias",
      "blocks.4.mlp.fc1.bias",
      "blocks.4.mlp.fc2.bias"
    ],
    "lr_scale": 0.05764800999999997
  },
  "layer_5_decay": {
    "weight_decay": 0.05,
    "params": [
      "blocks.4.attn.qkv.weight",
      "blocks.4.attn.proj.weight",
      "blocks.4.mlp.fc1.weight",
      "blocks.4.mlp.fc2.weight"
    ],
    "lr_scale": 0.05764800999999997
  },
  "layer_6_no_decay": {
    "weight_decay": 0.0,
    "params": [
      "blocks.5.norm1.weight",
      "blocks.5.norm1.bias",
      "blocks.5.attn.q_bias",
      "blocks.5.attn.v_bias",
      "blocks.5.attn.proj.bias",
      "blocks.5.norm2.weight",
      "blocks.5.norm2.bias",
      "blocks.5.mlp.fc1.bias",
      "blocks.5.mlp.fc2.bias"
    ],
    "lr_scale": 0.08235429999999996
  },
  "layer_6_decay": {
    "weight_decay": 0.05,
    "params": [
      "blocks.5.attn.qkv.weight",
      "blocks.5.attn.proj.weight",
      "blocks.5.mlp.fc1.weight",
      "blocks.5.mlp.fc2.weight"
    ],
    "lr_scale": 0.08235429999999996
  },
  "layer_7_no_decay": {
    "weight_decay": 0.0,
    "params": [
      "blocks.6.norm1.weight",
      "blocks.6.norm1.bias",
      "blocks.6.attn.q_bias",
      "blocks.6.attn.v_bias",
      "blocks.6.attn.proj.bias",
      "blocks.6.norm2.weight",
      "blocks.6.norm2.bias",
      "blocks.6.mlp.fc1.bias",
      "blocks.6.mlp.fc2.bias"
    ],
    "lr_scale": 0.11764899999999996
  },
  "layer_7_decay": {
    "weight_decay": 0.05,
    "params": [
      "blocks.6.attn.qkv.weight",
      "blocks.6.attn.proj.weight",
      "blocks.6.mlp.fc1.weight",
      "blocks.6.mlp.fc2.weight"
    ],
    "lr_scale": 0.11764899999999996
  },
  "layer_8_no_decay": {
    "weight_decay": 0.0,
    "params": [
      "blocks.7.norm1.weight",
      "blocks.7.norm1.bias",
      "blocks.7.attn.q_bias",
      "blocks.7.attn.v_bias",
      "blocks.7.attn.proj.bias",
      "blocks.7.norm2.weight",
      "blocks.7.norm2.bias",
      "blocks.7.mlp.fc1.bias",
      "blocks.7.mlp.fc2.bias"
    ],
    "lr_scale": 0.16806999999999994
  },
  "layer_8_decay": {
    "weight_decay": 0.05,
    "params": [
      "blocks.7.attn.qkv.weight",
      "blocks.7.attn.proj.weight",
      "blocks.7.mlp.fc1.weight",
      "blocks.7.mlp.fc2.weight"
    ],
    "lr_scale": 0.16806999999999994
  },
  "layer_9_no_decay": {
    "weight_decay": 0.0,
    "params": [
      "blocks.8.norm1.weight",
      "blocks.8.norm1.bias",
      "blocks.8.attn.q_bias",
      "blocks.8.attn.v_bias",
      "blocks.8.attn.proj.bias",
      "blocks.8.norm2.weight",
      "blocks.8.norm2.bias",
      "blocks.8.mlp.fc1.bias",
      "blocks.8.mlp.fc2.bias"
    ],
    "lr_scale": 0.24009999999999995
  },
  "layer_9_decay": {
    "weight_decay": 0.05,
    "params": [
      "blocks.8.attn.qkv.weight",
      "blocks.8.attn.proj.weight",
      "blocks.8.mlp.fc1.weight",
      "blocks.8.mlp.fc2.weight"
    ],
    "lr_scale": 0.24009999999999995
  },
  "layer_10_no_decay": {
    "weight_decay": 0.0,
    "params": [
      "blocks.9.norm1.weight",
      "blocks.9.norm1.bias",
      "blocks.9.attn.q_bias",
      "blocks.9.attn.v_bias",
      "blocks.9.attn.proj.bias",
      "blocks.9.norm2.weight",
      "blocks.9.norm2.bias",
      "blocks.9.mlp.fc1.bias",
      "blocks.9.mlp.fc2.bias"
    ],
    "lr_scale": 0.3429999999999999
  },
  "layer_10_decay": {
    "weight_decay": 0.05,
    "params": [
      "blocks.9.attn.qkv.weight",
      "blocks.9.attn.proj.weight",
      "blocks.9.mlp.fc1.weight",
      "blocks.9.mlp.fc2.weight"
    ],
    "lr_scale": 0.3429999999999999
  },
  "layer_11_no_decay": {
    "weight_decay": 0.0,
    "params": [
      "blocks.10.norm1.weight",
      "blocks.10.norm1.bias",
      "blocks.10.attn.q_bias",
      "blocks.10.attn.v_bias",
      "blocks.10.attn.proj.bias",
      "blocks.10.norm2.weight",
      "blocks.10.norm2.bias",
      "blocks.10.mlp.fc1.bias",
      "blocks.10.mlp.fc2.bias"
    ],
    "lr_scale": 0.48999999999999994
  },
  "layer_11_decay": {
    "weight_decay": 0.05,
    "params": [
      "blocks.10.attn.qkv.weight",
      "blocks.10.attn.proj.weight",
      "blocks.10.mlp.fc1.weight",
      "blocks.10.mlp.fc2.weight"
    ],
    "lr_scale": 0.48999999999999994
  },
  "layer_12_no_decay": {
    "weight_decay": 0.0,
    "params": [
      "blocks.11.norm1.weight",
      "blocks.11.norm1.bias",
      "blocks.11.attn.q_bias",
      "blocks.11.attn.v_bias",
      "blocks.11.attn.proj.bias",
      "blocks.11.norm2.weight",
      "blocks.11.norm2.bias",
      "blocks.11.mlp.fc1.bias",
      "blocks.11.mlp.fc2.bias"
    ],
    "lr_scale": 0.7
  },
  "layer_12_decay": {
    "weight_decay": 0.05,
    "params": [
      "blocks.11.attn.qkv.weight",
      "blocks.11.attn.proj.weight",
      "blocks.11.mlp.fc1.weight",
      "blocks.11.mlp.fc2.weight"
    ],
    "lr_scale": 0.7
  },
  "layer_13_no_decay": {
    "weight_decay": 0.0,
    "params": [
      "fc_norm.weight",
      "fc_norm.bias",
      "head.bias"
    ],
    "lr_scale": 1.0
  },
  "layer_13_decay": {
    "weight_decay": 0.05,
    "params": [
      "head.weight"
    ],
    "lr_scale": 1.0
  }
}
[2025-01-13 10:16:05,509] [INFO] [logging.py:96:log_dist] [Rank -1] DeepSpeed info: version=0.13.1, git-hash=unknown, git-branch=unknown
[2025-01-13 10:16:05,509] [INFO] [comm.py:637:init_distributed] cdb=None
[2025-01-13 10:16:05,533] [INFO] [logging.py:96:log_dist] [Rank 0] DeepSpeed Flops Profiler Enabled: False
Using /home/maggie/.cache/torch_extensions/py310_cu116 as PyTorch extensions root...
Detected CUDA files, patching ldflags
Emitting ninja build file /home/maggie/.cache/torch_extensions/py310_cu116/fused_adam/build.ninja...
Building extension module fused_adam...
Allowing ninja to set a default number of workers... (overridable by setting the environment variable MAX_JOBS=N)
ninja: no work to do.
Loading extension module fused_adam...
Time to load fused_adam op: 0.04765582084655762 seconds
[2025-01-13 10:16:05,856] [INFO] [logging.py:96:log_dist] [Rank 0] Using DeepSpeed Optimizer param name adam as basic optimizer
[2025-01-13 10:16:05,857] [INFO] [logging.py:96:log_dist] [Rank 0] Removing param_group that has no 'params' in the basic Optimizer
[2025-01-13 10:16:05,861] [INFO] [logging.py:96:log_dist] [Rank 0] DeepSpeed Basic Optimizer = FusedAdam
[2025-01-13 10:16:05,862] [INFO] [logging.py:96:log_dist] [Rank 0] Creating fp16 optimizer with dynamic loss scale
[2025-01-13 10:16:05,873] [INFO] [logging.py:96:log_dist] [Rank 0] DeepSpeed Final Optimizer = adam
[2025-01-13 10:16:05,873] [INFO] [logging.py:96:log_dist] [Rank 0] DeepSpeed using client LR scheduler
[2025-01-13 10:16:05,873] [INFO] [logging.py:96:log_dist] [Rank 0] DeepSpeed LR Scheduler = None
[2025-01-13 10:16:05,874] [INFO] [logging.py:96:log_dist] [Rank 0] step=0, skipped=0, lr=[0.001, 0.001, 0.001, 0.001, 0.001, 0.001, 0.001, 0.001, 0.001, 0.001, 0.001, 0.001, 0.001, 0.001, 0.001, 0.001, 0.001, 0.001, 0.001, 0.001, 0.001, 0.001, 0.001, 0.001, 0.001, 0.001, 0.001, 0.001], mom=[[0.9, 0.999], [0.9, 0.999], [0.9, 0.999], [0.9, 0.999], [0.9, 0.999], [0.9, 0.999], [0.9, 0.999], [0.9, 0.999], [0.9, 0.999], [0.9, 0.999], [0.9, 0.999], [0.9, 0.999], [0.9, 0.999], [0.9, 0.999], [0.9, 0.999], [0.9, 0.999], [0.9, 0.999], [0.9, 0.999], [0.9, 0.999], [0.9, 0.999], [0.9, 0.999], [0.9, 0.999], [0.9, 0.999], [0.9, 0.999], [0.9, 0.999], [0.9, 0.999], [0.9, 0.999], [0.9, 0.999]]
[2025-01-13 10:16:05,874] [INFO] [config.py:984:print] DeepSpeedEngine configuration:
[2025-01-13 10:16:05,875] [INFO] [config.py:988:print]   activation_checkpointing_config  {
    "partition_activations": false, 
    "contiguous_memory_optimization": false, 
    "cpu_checkpointing": false, 
    "number_checkpoints": null, 
    "synchronize_checkpoint_boundary": false, 
    "profile": false
}
[2025-01-13 10:16:05,875] [INFO] [config.py:988:print]   aio_config ................... {'block_size': 1048576, 'queue_depth': 8, 'thread_count': 1, 'single_submit': False, 'overlap_events': True}
[2025-01-13 10:16:05,875] [INFO] [config.py:988:print]   amp_enabled .................. False
[2025-01-13 10:16:05,875] [INFO] [config.py:988:print]   amp_params ................... False
[2025-01-13 10:16:05,875] [INFO] [config.py:988:print]   autotuning_config ............ {
    "enabled": false, 
    "start_step": null, 
    "end_step": null, 
    "metric_path": null, 
    "arg_mappings": null, 
    "metric": "throughput", 
    "model_info": null, 
    "results_dir": "autotuning_results", 
    "exps_dir": "autotuning_exps", 
    "overwrite": true, 
    "fast": true, 
    "start_profile_step": 3, 
    "end_profile_step": 5, 
    "tuner_type": "gridsearch", 
    "tuner_early_stopping": 5, 
    "tuner_num_trials": 50, 
    "model_info_path": null, 
    "mp_size": 1, 
    "max_train_batch_size": null, 
    "min_train_batch_size": 1, 
    "max_train_micro_batch_size_per_gpu": 1.024000e+03, 
    "min_train_micro_batch_size_per_gpu": 1, 
    "num_tuning_micro_batch_sizes": 3
}
[2025-01-13 10:16:05,875] [INFO] [config.py:988:print]   bfloat16_enabled ............. False
[2025-01-13 10:16:05,875] [INFO] [config.py:988:print]   checkpoint_parallel_write_pipeline  False
[2025-01-13 10:16:05,875] [INFO] [config.py:988:print]   checkpoint_tag_validation_enabled  True
[2025-01-13 10:16:05,875] [INFO] [config.py:988:print]   checkpoint_tag_validation_fail  False
[2025-01-13 10:16:05,875] [INFO] [config.py:988:print]   comms_config ................. <deepspeed.comm.config.DeepSpeedCommsConfig object at 0x7fc494576e90>
[2025-01-13 10:16:05,875] [INFO] [config.py:988:print]   communication_data_type ...... None
[2025-01-13 10:16:05,875] [INFO] [config.py:988:print]   compression_config ........... {'weight_quantization': {'shared_parameters': {'enabled': False, 'quantizer_kernel': False, 'schedule_offset': 0, 'quantize_groups': 1, 'quantize_verbose': False, 'quantization_type': 'symmetric', 'quantize_weight_in_forward': False, 'rounding': 'nearest', 'fp16_mixed_quantize': False, 'quantize_change_ratio': 0.001}, 'different_groups': {}}, 'activation_quantization': {'shared_parameters': {'enabled': False, 'quantization_type': 'symmetric', 'range_calibration': 'dynamic', 'schedule_offset': 1000}, 'different_groups': {}}, 'sparse_pruning': {'shared_parameters': {'enabled': False, 'method': 'l1', 'schedule_offset': 1000}, 'different_groups': {}}, 'row_pruning': {'shared_parameters': {'enabled': False, 'method': 'l1', 'schedule_offset': 1000}, 'different_groups': {}}, 'head_pruning': {'shared_parameters': {'enabled': False, 'method': 'topk', 'schedule_offset': 1000}, 'different_groups': {}}, 'channel_pruning': {'shared_parameters': {'enabled': False, 'method': 'l1', 'schedule_offset': 1000}, 'different_groups': {}}, 'layer_reduction': {'enabled': False}}
[2025-01-13 10:16:05,875] [INFO] [config.py:988:print]   curriculum_enabled_legacy .... False
[2025-01-13 10:16:05,875] [INFO] [config.py:988:print]   curriculum_params_legacy ..... False
[2025-01-13 10:16:05,876] [INFO] [config.py:988:print]   data_efficiency_config ....... {'enabled': False, 'seed': 1234, 'data_sampling': {'enabled': False, 'num_epochs': 1000, 'num_workers': 0, 'curriculum_learning': {'enabled': False}}, 'data_routing': {'enabled': False, 'random_ltd': {'enabled': False, 'layer_token_lr_schedule': {'enabled': False}}}}
[2025-01-13 10:16:05,876] [INFO] [config.py:988:print]   data_efficiency_enabled ...... False
[2025-01-13 10:16:05,876] [INFO] [config.py:988:print]   dataloader_drop_last ......... False
[2025-01-13 10:16:05,876] [INFO] [config.py:988:print]   disable_allgather ............ False
[2025-01-13 10:16:05,876] [INFO] [config.py:988:print]   dump_state ................... False
[2025-01-13 10:16:05,876] [INFO] [config.py:988:print]   dynamic_loss_scale_args ...... {'init_scale': 128, 'scale_window': 128, 'delayed_shift': 2, 'consecutive_hysteresis': False, 'min_scale': 1}
[2025-01-13 10:16:05,876] [INFO] [config.py:988:print]   eigenvalue_enabled ........... False
[2025-01-13 10:16:05,876] [INFO] [config.py:988:print]   eigenvalue_gas_boundary_resolution  1
[2025-01-13 10:16:05,876] [INFO] [config.py:988:print]   eigenvalue_layer_name ........ bert.encoder.layer
[2025-01-13 10:16:05,876] [INFO] [config.py:988:print]   eigenvalue_layer_num ......... 0
[2025-01-13 10:16:05,876] [INFO] [config.py:988:print]   eigenvalue_max_iter .......... 100
[2025-01-13 10:16:05,876] [INFO] [config.py:988:print]   eigenvalue_stability ......... 1e-06
[2025-01-13 10:16:05,876] [INFO] [config.py:988:print]   eigenvalue_tol ............... 0.01
[2025-01-13 10:16:05,876] [INFO] [config.py:988:print]   eigenvalue_verbose ........... False
[2025-01-13 10:16:05,876] [INFO] [config.py:988:print]   elasticity_enabled ........... False
[2025-01-13 10:16:05,876] [INFO] [config.py:988:print]   flops_profiler_config ........ {
    "enabled": false, 
    "recompute_fwd_factor": 0.0, 
    "profile_step": 1, 
    "module_depth": -1, 
    "top_modules": 1, 
    "detailed": true, 
    "output_file": null
}
[2025-01-13 10:16:05,876] [INFO] [config.py:988:print]   fp16_auto_cast ............... False
[2025-01-13 10:16:05,876] [INFO] [config.py:988:print]   fp16_enabled ................. True
[2025-01-13 10:16:05,876] [INFO] [config.py:988:print]   fp16_master_weights_and_gradients  False
[2025-01-13 10:16:05,876] [INFO] [config.py:988:print]   global_rank .................. 0
[2025-01-13 10:16:05,876] [INFO] [config.py:988:print]   grad_accum_dtype ............. None
[2025-01-13 10:16:05,876] [INFO] [config.py:988:print]   gradient_accumulation_steps .. 1
[2025-01-13 10:16:05,876] [INFO] [config.py:988:print]   gradient_clipping ............ 0.0
[2025-01-13 10:16:05,876] [INFO] [config.py:988:print]   gradient_predivide_factor .... 1.0
[2025-01-13 10:16:05,876] [INFO] [config.py:988:print]   graph_harvesting ............. False
[2025-01-13 10:16:05,876] [INFO] [config.py:988:print]   hybrid_engine ................ enabled=False max_out_tokens=512 inference_tp_size=1 release_inference_cache=False pin_parameters=True tp_gather_partition_size=8
[2025-01-13 10:16:05,876] [INFO] [config.py:988:print]   initial_dynamic_scale ........ 128
[2025-01-13 10:16:05,876] [INFO] [config.py:988:print]   load_universal_checkpoint .... False
[2025-01-13 10:16:05,876] [INFO] [config.py:988:print]   loss_scale ................... 0
[2025-01-13 10:16:05,876] [INFO] [config.py:988:print]   memory_breakdown ............. False
[2025-01-13 10:16:05,876] [INFO] [config.py:988:print]   mics_hierarchial_params_gather  False
[2025-01-13 10:16:05,876] [INFO] [config.py:988:print]   mics_shard_size .............. -1
[2025-01-13 10:16:05,876] [INFO] [config.py:988:print]   monitor_config ............... tensorboard=TensorBoardConfig(enabled=False, output_path='', job_name='DeepSpeedJobName') wandb=WandbConfig(enabled=False, group=None, team=None, project='deepspeed') csv_monitor=CSVConfig(enabled=False, output_path='', job_name='DeepSpeedJobName') enabled=False
[2025-01-13 10:16:05,876] [INFO] [config.py:988:print]   nebula_config ................ {
    "enabled": false, 
    "persistent_storage_path": null, 
    "persistent_time_interval": 100, 
    "num_of_version_in_retention": 2, 
    "enable_nebula_load": true, 
    "load_path": null
}
[2025-01-13 10:16:05,876] [INFO] [config.py:988:print]   optimizer_legacy_fusion ...... False
[2025-01-13 10:16:05,876] [INFO] [config.py:988:print]   optimizer_name ............... adam
[2025-01-13 10:16:05,876] [INFO] [config.py:988:print]   optimizer_params ............. {'lr': 0.001, 'weight_decay': 0.05, 'bias_correction': True, 'betas': [0.9, 0.999], 'eps': 1e-08}
[2025-01-13 10:16:05,876] [INFO] [config.py:988:print]   pipeline ..................... {'stages': 'auto', 'partition': 'best', 'seed_layers': False, 'activation_checkpoint_interval': 0, 'pipe_partitioned': True, 'grad_partitioned': True}
[2025-01-13 10:16:05,876] [INFO] [config.py:988:print]   pld_enabled .................. False
[2025-01-13 10:16:05,876] [INFO] [config.py:988:print]   pld_params ................... False
[2025-01-13 10:16:05,876] [INFO] [config.py:988:print]   prescale_gradients ........... False
[2025-01-13 10:16:05,876] [INFO] [config.py:988:print]   scheduler_name ............... None
[2025-01-13 10:16:05,877] [INFO] [config.py:988:print]   scheduler_params ............. None
[2025-01-13 10:16:05,877] [INFO] [config.py:988:print]   seq_parallel_communication_data_type  torch.float32
[2025-01-13 10:16:05,877] [INFO] [config.py:988:print]   sparse_attention ............. None
[2025-01-13 10:16:05,877] [INFO] [config.py:988:print]   sparse_gradients_enabled ..... False
[2025-01-13 10:16:05,877] [INFO] [config.py:988:print]   steps_per_print .............. 1000
[2025-01-13 10:16:05,877] [INFO] [config.py:988:print]   train_batch_size ............. 12
[2025-01-13 10:16:05,877] [INFO] [config.py:988:print]   train_micro_batch_size_per_gpu  12
[2025-01-13 10:16:05,877] [INFO] [config.py:988:print]   use_data_before_expert_parallel_  False
[2025-01-13 10:16:05,877] [INFO] [config.py:988:print]   use_node_local_storage ....... False
[2025-01-13 10:16:05,877] [INFO] [config.py:988:print]   wall_clock_breakdown ......... False
[2025-01-13 10:16:05,877] [INFO] [config.py:988:print]   weight_quantization_config ... None
[2025-01-13 10:16:05,877] [INFO] [config.py:988:print]   world_size ................... 1
[2025-01-13 10:16:05,877] [INFO] [config.py:988:print]   zero_allow_untested_optimizer  False
[2025-01-13 10:16:05,877] [INFO] [config.py:988:print]   zero_config .................. stage=0 contiguous_gradients=True reduce_scatter=True reduce_bucket_size=500,000,000 use_multi_rank_bucket_allreduce=True allgather_partitions=True allgather_bucket_size=500,000,000 overlap_comm=False load_from_fp32_weights=True elastic_checkpoint=False offload_param=None offload_optimizer=None sub_group_size=1,000,000,000 cpu_offload_param=None cpu_offload_use_pin_memory=None cpu_offload=None prefetch_bucket_size=50,000,000 param_persistence_threshold=100,000 model_persistence_threshold=sys.maxsize max_live_parameters=1,000,000,000 max_reuse_distance=1,000,000,000 gather_16bit_weights_on_model_save=False stage3_gather_fp16_weights_on_model_save=False ignore_unused_parameters=True legacy_stage1=False round_robin_gradients=False zero_hpz_partition_size=1 zero_quantized_weights=False zero_quantized_nontrainable_weights=False zero_quantized_gradients=False mics_shard_size=-1 mics_hierarchical_params_gather=False memory_efficient_linear=True pipeline_loading_checkpoint=False override_module_apply=True
[2025-01-13 10:16:05,877] [INFO] [config.py:988:print]   zero_enabled ................. False
[2025-01-13 10:16:05,877] [INFO] [config.py:988:print]   zero_force_ds_cpu_optimizer .. True
[2025-01-13 10:16:05,877] [INFO] [config.py:988:print]   zero_optimization_stage ...... 0
[2025-01-13 10:16:05,877] [INFO] [config.py:974:print_user_config]   json = {
    "train_batch_size": 12, 
    "train_micro_batch_size_per_gpu": 12, 
    "steps_per_print": 1000, 
    "optimizer": {
        "type": "Adam", 
        "adam_w_mode": true, 
        "params": {
            "lr": 0.001, 
            "weight_decay": 0.05, 
            "bias_correction": true, 
            "betas": [0.9, 0.999], 
            "eps": 1e-08
        }
    }, 
    "fp16": {
        "enabled": true, 
        "loss_scale": 0, 
        "initial_scale_power": 7, 
        "loss_scale_window": 128
    }
}
model.gradient_accumulation_steps() = 1
Use step level LR scheduler!
Set warmup steps = 14045
Set warmup steps = 0
Max WD = 0.0500000, Min WD = 0.0500000
criterion = SoftTargetCrossEntropy()
Start training for 40 epochs
Epoch: [0]  [   0/2809]  eta: 17:49:20  lr: 0.000000  min_lr: 0.000000  loss: 5.1602 (5.1602)  loss_scale: 128.0000 (128.0000)  weight_decay: 0.0500 (0.0500)  time: 22.8410  data: 12.0271  max mem: 15572
Epoch: [0]  [  10/2809]  eta: 1:54:21  lr: 0.000000  min_lr: 0.000000  loss: 5.1602 (5.1601)  loss_scale: 128.0000 (128.0000)  weight_decay: 0.0500 (0.0500)  time: 2.4515  data: 1.0938  max mem: 15572
Epoch: [0]  [  20/2809]  eta: 1:09:18  lr: 0.000000  min_lr: 0.000000  loss: 5.1602 (5.1601)  loss_scale: 128.0000 (128.0000)  weight_decay: 0.0500 (0.0500)  time: 0.4237  data: 0.0005  max mem: 15572
Epoch: [0]  [  30/2809]  eta: 0:53:21  lr: 0.000000  min_lr: 0.000000  loss: 5.1602 (5.1601)  loss_scale: 128.0000 (128.0000)  weight_decay: 0.0500 (0.0500)  time: 0.4374  data: 0.0006  max mem: 15572
Epoch: [0]  [  40/2809]  eta: 0:46:37  lr: 0.000000  min_lr: 0.000000  loss: 5.1601 (5.1601)  loss_scale: 128.0000 (128.0000)  weight_decay: 0.0500 (0.0500)  time: 0.5052  data: 0.0534  max mem: 15572
Epoch: [0]  [  50/2809]  eta: 0:42:17  lr: 0.000000  min_lr: 0.000000  loss: 5.1601 (5.1601)  loss_scale: 128.0000 (128.0000)  weight_decay: 0.0500 (0.0500)  time: 0.5594  data: 0.0796  max mem: 15572
Epoch: [0]  [  60/2809]  eta: 0:39:15  lr: 0.000000  min_lr: 0.000000  loss: 5.1600 (5.1601)  loss_scale: 128.0000 (128.0000)  weight_decay: 0.0500 (0.0500)  time: 0.5425  data: 0.0734  max mem: 15572
Epoch: [0]  [  70/2809]  eta: 0:37:46  lr: 0.000000  min_lr: 0.000000  loss: 5.1599 (5.1600)  loss_scale: 128.0000 (128.0000)  weight_decay: 0.0500 (0.0500)  time: 0.5919  data: 0.1517  max mem: 15572
Epoch: [0]  [  80/2809]  eta: 0:36:11  lr: 0.000000  min_lr: 0.000000  loss: 5.1598 (5.1600)  loss_scale: 128.0000 (128.0000)  weight_decay: 0.0500 (0.0500)  time: 0.6089  data: 0.1661  max mem: 15572
Epoch: [0]  [  90/2809]  eta: 0:35:14  lr: 0.000000  min_lr: 0.000000  loss: 5.1597 (5.1599)  loss_scale: 128.0000 (128.0000)  weight_decay: 0.0500 (0.0500)  time: 0.6017  data: 0.1411  max mem: 15572
Epoch: [0]  [ 100/2809]  eta: 0:34:38  lr: 0.000000  min_lr: 0.000000  loss: 5.1594 (5.1599)  loss_scale: 128.0000 (128.0000)  weight_decay: 0.0500 (0.0500)  time: 0.6516  data: 0.1665  max mem: 15572
Epoch: [0]  [ 110/2809]  eta: 0:33:31  lr: 0.000000  min_lr: 0.000000  loss: 5.1590 (5.1598)  loss_scale: 128.0000 (128.0000)  weight_decay: 0.0500 (0.0500)  time: 0.5974  data: 0.1183  max mem: 15572
Epoch: [0]  [ 120/2809]  eta: 0:32:45  lr: 0.000000  min_lr: 0.000000  loss: 5.1588 (5.1597)  loss_scale: 128.0000 (128.0000)  weight_decay: 0.0500 (0.0500)  time: 0.5476  data: 0.0899  max mem: 15572
[2025-01-13 10:17:40,499] [INFO] [fused_optimizer.py:352:_update_scale] No Grad overflow for 128 iterations
[2025-01-13 10:17:40,499] [INFO] [fused_optimizer.py:353:_update_scale] Increasing dynamic loss scale from 128 to 256
Epoch: [0]  [ 130/2809]  eta: 0:32:26  lr: 0.000000  min_lr: 0.000000  loss: 5.1586 (5.1596)  loss_scale: 128.0000 (130.9313)  weight_decay: 0.0500 (0.0500)  time: 0.6221  data: 0.1617  max mem: 15572
WARNING:torch.distributed.elastic.agent.server.api:Received 1 death signal, shutting down workers
WARNING:torch.distributed.elastic.multiprocessing.api:Sending process 2136399 closing signal SIGHUP
Traceback (most recent call last):
  File "/home/maggie/miniconda3/envs/timesformer/lib/python3.10/runpy.py", line 196, in _run_module_as_main
    return _run_code(code, main_globals, None,
  File "/home/maggie/miniconda3/envs/timesformer/lib/python3.10/runpy.py", line 86, in _run_code
    exec(code, run_globals)
  File "/home/maggie/miniconda3/envs/timesformer/lib/python3.10/site-packages/torch/distributed/launch.py", line 193, in <module>
    main()
  File "/home/maggie/miniconda3/envs/timesformer/lib/python3.10/site-packages/torch/distributed/launch.py", line 189, in main
    launch(args)
  File "/home/maggie/miniconda3/envs/timesformer/lib/python3.10/site-packages/torch/distributed/launch.py", line 174, in launch
    run(args)
  File "/home/maggie/miniconda3/envs/timesformer/lib/python3.10/site-packages/torch/distributed/run.py", line 752, in run
    elastic_launch(
  File "/home/maggie/miniconda3/envs/timesformer/lib/python3.10/site-packages/torch/distributed/launcher/api.py", line 131, in __call__
    return launch_agent(self._config, self._entrypoint, list(args))
  File "/home/maggie/miniconda3/envs/timesformer/lib/python3.10/site-packages/torch/distributed/launcher/api.py", line 236, in launch_agent
    result = agent.run()
  File "/home/maggie/miniconda3/envs/timesformer/lib/python3.10/site-packages/torch/distributed/elastic/metrics/api.py", line 125, in wrapper
    result = f(*args, **kwargs)
  File "/home/maggie/miniconda3/envs/timesformer/lib/python3.10/site-packages/torch/distributed/elastic/agent/server/api.py", line 709, in run
    result = self._invoke_run(role)
  File "/home/maggie/miniconda3/envs/timesformer/lib/python3.10/site-packages/torch/distributed/elastic/agent/server/api.py", line 850, in _invoke_run
    time.sleep(monitor_interval)
  File "/home/maggie/miniconda3/envs/timesformer/lib/python3.10/site-packages/torch/distributed/elastic/multiprocessing/api.py", line 60, in _terminate_process_handler
    raise SignalException(f"Process {os.getpid()} got signal: {sigval}", sigval=sigval)
torch.distributed.elastic.multiprocessing.api.SignalException: Process 2136372 got signal: 1
/home/maggie/miniconda3/envs/timesformer/lib/python3.10/site-packages/torch/distributed/launch.py:178: FutureWarning: The module torch.distributed.launch is deprecated
and will be removed in future. Use torchrun.
Note that --use_env is set by default in torchrun.
If your script expects `--local_rank` argument to be set, please
change it to read from `os.environ['LOCAL_RANK']` instead. See 
https://pytorch.org/docs/stable/distributed.html#launch-utility for 
further instructions

  warnings.warn(
/home/maggie/miniconda3/envs/timesformer/lib/python3.10/site-packages/torchvision/io/image.py:11: UserWarning: Failed to load image Python extension: /home/maggie/miniconda3/envs/timesformer/lib/python3.10/site-packages/torchvision/image.so: undefined symbol: _ZN5torch3jit17parseSchemaOrNameERKNSt7__cxx1112basic_stringIcSt11char_traitsIcESaIcEEE
  warn(f"Failed to load image Python extension: {e}")
/home/maggie/VideoMAE_curriculum/modeling_finetune.py:289: UserWarning: Overwriting vit_small_patch16_224 in registry with modeling_finetune.vit_small_patch16_224. This is because the name being registered conflicts with an existing name. Please check if this is not expected.
  def vit_small_patch16_224(pretrained=False, **kwargs):
/home/maggie/VideoMAE_curriculum/modeling_finetune.py:300: UserWarning: Overwriting vit_base_patch16_224 in registry with modeling_finetune.vit_base_patch16_224. This is because the name being registered conflicts with an existing name. Please check if this is not expected.
  def vit_base_patch16_224(pretrained=False, **kwargs):
/home/maggie/VideoMAE_curriculum/modeling_finetune.py:311: UserWarning: Overwriting vit_base_patch16_384 in registry with modeling_finetune.vit_base_patch16_384. This is because the name being registered conflicts with an existing name. Please check if this is not expected.
  def vit_base_patch16_384(pretrained=False, **kwargs):
/home/maggie/VideoMAE_curriculum/modeling_finetune.py:320: UserWarning: Overwriting vit_large_patch16_224 in registry with modeling_finetune.vit_large_patch16_224. This is because the name being registered conflicts with an existing name. Please check if this is not expected.
  def vit_large_patch16_224(pretrained=False, **kwargs):
/home/maggie/VideoMAE_curriculum/modeling_finetune.py:329: UserWarning: Overwriting vit_large_patch16_384 in registry with modeling_finetune.vit_large_patch16_384. This is because the name being registered conflicts with an existing name. Please check if this is not expected.
  def vit_large_patch16_384(pretrained=False, **kwargs):
[2025-01-13 10:17:45,977] [INFO] [real_accelerator.py:191:get_accelerator] Setting ds_accelerator to cuda (auto detect)
| distributed init (rank 0): env://, gpu 0
Namespace(batch_size=12, epochs=40, update_freq=1, save_ckpt_freq=10, model='vit_small_patch16_224', tubelet_size=2, input_size=224, fc_drop_rate=0.0, drop=0.0, attn_drop_rate=0.0, drop_path=0.1, disable_eval_during_finetuning=False, model_ema=False, model_ema_decay=0.9999, model_ema_force_cpu=False, opt='adamw', opt_eps=1e-08, opt_betas=[0.9, 0.999], clip_grad=None, momentum=0.9, weight_decay=0.05, weight_decay_end=None, lr=0.001, layer_decay=0.7, warmup_lr=1e-06, min_lr=1e-06, warmup_epochs=5, warmup_steps=-1, color_jitter=0.4, num_sample=2, aa='rand-m7-n4-mstd0.5-inc1', smoothing=0.1, train_interpolation='bicubic', crop_pct=None, short_side_size=224, test_num_segment=2, test_num_crop=3, reprob=0.25, remode='pixel', recount=1, resplit=False, mixup=0.8, cutmix=1.0, cutmix_minmax=None, mixup_prob=1.0, mixup_switch_prob=0.5, mixup_mode='batch', finetune='/home/maggie/VideoMAE_checkpoints/pretrain_checkpoint/pretrain_checkpoint_small_ssv2.pth', model_key='model|module', model_prefix='', init_scale=0.001, use_checkpoint=False, use_mean_pooling=True, data_path='/home/maggie/VideoMAE_curriculum/labels/ssv2', eval_data_path=None, nb_classes=174, imagenet_default_mean_and_std=True, num_segments=1, num_frames=16, sampling_rate=4, data_set='SSV2', output_dir='/home/maggie/VideoMAE_checkpoints_curriculum/ssv2_small_20data_random_as_wrong_samples/', log_dir='/home/maggie/VideoMAE_checkpoints_curriculum/ssv2_small_20data_random_as_wrong_samples/', device='cuda', seed=0, resume='', auto_resume=True, save_ckpt=True, start_epoch=0, eval=False, dist_eval=True, num_workers=10, pin_mem=True, world_size=1, local_rank=0, dist_on_itp=False, dist_url='env://', enable_deepspeed=True, deepspeed=False, deepspeed_config='/home/maggie/VideoMAE_checkpoints_curriculum/ssv2_small_20data_random_as_wrong_samples/deepspeed_config.json', deepscale=False, deepscale_config=None, rank=0, gpu=0, distributed=True, dist_backend='nccl')
Number of the class = 174
Number of the class = 174
Number of the class = 174
Sampler_train = <torch.utils.data.distributed.DistributedSampler object at 0x7f8d641be980>
Mixup is activated!
Patch size = (16, 16)
Load ckpt from /home/maggie/VideoMAE_checkpoints/pretrain_checkpoint/pretrain_checkpoint_small_ssv2.pth
Load state_dict by model_key = model
Weights of VisionTransformer not initialized from pretrained model: ['fc_norm.weight', 'fc_norm.bias', 'head.weight', 'head.bias']
Weights from pretrained model not used in VisionTransformer: ['mask_token', 'decoder.blocks.0.norm1.weight', 'decoder.blocks.0.norm1.bias', 'decoder.blocks.0.attn.q_bias', 'decoder.blocks.0.attn.v_bias', 'decoder.blocks.0.attn.qkv.weight', 'decoder.blocks.0.attn.proj.weight', 'decoder.blocks.0.attn.proj.bias', 'decoder.blocks.0.norm2.weight', 'decoder.blocks.0.norm2.bias', 'decoder.blocks.0.mlp.fc1.weight', 'decoder.blocks.0.mlp.fc1.bias', 'decoder.blocks.0.mlp.fc2.weight', 'decoder.blocks.0.mlp.fc2.bias', 'decoder.blocks.1.norm1.weight', 'decoder.blocks.1.norm1.bias', 'decoder.blocks.1.attn.q_bias', 'decoder.blocks.1.attn.v_bias', 'decoder.blocks.1.attn.qkv.weight', 'decoder.blocks.1.attn.proj.weight', 'decoder.blocks.1.attn.proj.bias', 'decoder.blocks.1.norm2.weight', 'decoder.blocks.1.norm2.bias', 'decoder.blocks.1.mlp.fc1.weight', 'decoder.blocks.1.mlp.fc1.bias', 'decoder.blocks.1.mlp.fc2.weight', 'decoder.blocks.1.mlp.fc2.bias', 'decoder.blocks.2.norm1.weight', 'decoder.blocks.2.norm1.bias', 'decoder.blocks.2.attn.q_bias', 'decoder.blocks.2.attn.v_bias', 'decoder.blocks.2.attn.qkv.weight', 'decoder.blocks.2.attn.proj.weight', 'decoder.blocks.2.attn.proj.bias', 'decoder.blocks.2.norm2.weight', 'decoder.blocks.2.norm2.bias', 'decoder.blocks.2.mlp.fc1.weight', 'decoder.blocks.2.mlp.fc1.bias', 'decoder.blocks.2.mlp.fc2.weight', 'decoder.blocks.2.mlp.fc2.bias', 'decoder.blocks.3.norm1.weight', 'decoder.blocks.3.norm1.bias', 'decoder.blocks.3.attn.q_bias', 'decoder.blocks.3.attn.v_bias', 'decoder.blocks.3.attn.qkv.weight', 'decoder.blocks.3.attn.proj.weight', 'decoder.blocks.3.attn.proj.bias', 'decoder.blocks.3.norm2.weight', 'decoder.blocks.3.norm2.bias', 'decoder.blocks.3.mlp.fc1.weight', 'decoder.blocks.3.mlp.fc1.bias', 'decoder.blocks.3.mlp.fc2.weight', 'decoder.blocks.3.mlp.fc2.bias', 'decoder.norm.weight', 'decoder.norm.bias', 'decoder.head.weight', 'decoder.head.bias', 'encoder_to_decoder.weight', 'norm.weight', 'norm.bias']
Model = VisionTransformer(
  (patch_embed): PatchEmbed(
    (proj): Conv3d(3, 384, kernel_size=(2, 16, 16), stride=(2, 16, 16))
  )
  (pos_drop): Dropout(p=0.0, inplace=False)
  (blocks): ModuleList(
    (0): Block(
      (norm1): LayerNorm((384,), eps=1e-06, elementwise_affine=True)
      (attn): Attention(
        (qkv): Linear(in_features=384, out_features=1152, bias=False)
        (attn_drop): Dropout(p=0.0, inplace=False)
        (proj): Linear(in_features=384, out_features=384, bias=True)
        (proj_drop): Dropout(p=0.0, inplace=False)
      )
      (drop_path): Identity()
      (norm2): LayerNorm((384,), eps=1e-06, elementwise_affine=True)
      (mlp): Mlp(
        (fc1): Linear(in_features=384, out_features=1536, bias=True)
        (act): GELU(approximate=none)
        (fc2): Linear(in_features=1536, out_features=384, bias=True)
        (drop): Dropout(p=0.0, inplace=False)
      )
    )
    (1): Block(
      (norm1): LayerNorm((384,), eps=1e-06, elementwise_affine=True)
      (attn): Attention(
        (qkv): Linear(in_features=384, out_features=1152, bias=False)
        (attn_drop): Dropout(p=0.0, inplace=False)
        (proj): Linear(in_features=384, out_features=384, bias=True)
        (proj_drop): Dropout(p=0.0, inplace=False)
      )
      (drop_path): DropPath(p=0.00909090880304575)
      (norm2): LayerNorm((384,), eps=1e-06, elementwise_affine=True)
      (mlp): Mlp(
        (fc1): Linear(in_features=384, out_features=1536, bias=True)
        (act): GELU(approximate=none)
        (fc2): Linear(in_features=1536, out_features=384, bias=True)
        (drop): Dropout(p=0.0, inplace=False)
      )
    )
    (2): Block(
      (norm1): LayerNorm((384,), eps=1e-06, elementwise_affine=True)
      (attn): Attention(
        (qkv): Linear(in_features=384, out_features=1152, bias=False)
        (attn_drop): Dropout(p=0.0, inplace=False)
        (proj): Linear(in_features=384, out_features=384, bias=True)
        (proj_drop): Dropout(p=0.0, inplace=False)
      )
      (drop_path): DropPath(p=0.0181818176060915)
      (norm2): LayerNorm((384,), eps=1e-06, elementwise_affine=True)
      (mlp): Mlp(
        (fc1): Linear(in_features=384, out_features=1536, bias=True)
        (act): GELU(approximate=none)
        (fc2): Linear(in_features=1536, out_features=384, bias=True)
        (drop): Dropout(p=0.0, inplace=False)
      )
    )
    (3): Block(
      (norm1): LayerNorm((384,), eps=1e-06, elementwise_affine=True)
      (attn): Attention(
        (qkv): Linear(in_features=384, out_features=1152, bias=False)
        (attn_drop): Dropout(p=0.0, inplace=False)
        (proj): Linear(in_features=384, out_features=384, bias=True)
        (proj_drop): Dropout(p=0.0, inplace=False)
      )
      (drop_path): DropPath(p=0.027272727340459824)
      (norm2): LayerNorm((384,), eps=1e-06, elementwise_affine=True)
      (mlp): Mlp(
        (fc1): Linear(in_features=384, out_features=1536, bias=True)
        (act): GELU(approximate=none)
        (fc2): Linear(in_features=1536, out_features=384, bias=True)
        (drop): Dropout(p=0.0, inplace=False)
      )
    )
    (4): Block(
      (norm1): LayerNorm((384,), eps=1e-06, elementwise_affine=True)
      (attn): Attention(
        (qkv): Linear(in_features=384, out_features=1152, bias=False)
        (attn_drop): Dropout(p=0.0, inplace=False)
        (proj): Linear(in_features=384, out_features=384, bias=True)
        (proj_drop): Dropout(p=0.0, inplace=False)
      )
      (drop_path): DropPath(p=0.036363635212183)
      (norm2): LayerNorm((384,), eps=1e-06, elementwise_affine=True)
      (mlp): Mlp(
        (fc1): Linear(in_features=384, out_features=1536, bias=True)
        (act): GELU(approximate=none)
        (fc2): Linear(in_features=1536, out_features=384, bias=True)
        (drop): Dropout(p=0.0, inplace=False)
      )
    )
    (5): Block(
      (norm1): LayerNorm((384,), eps=1e-06, elementwise_affine=True)
      (attn): Attention(
        (qkv): Linear(in_features=384, out_features=1152, bias=False)
        (attn_drop): Dropout(p=0.0, inplace=False)
        (proj): Linear(in_features=384, out_features=384, bias=True)
        (proj_drop): Dropout(p=0.0, inplace=False)
      )
      (drop_path): DropPath(p=0.045454543083906174)
      (norm2): LayerNorm((384,), eps=1e-06, elementwise_affine=True)
      (mlp): Mlp(
        (fc1): Linear(in_features=384, out_features=1536, bias=True)
        (act): GELU(approximate=none)
        (fc2): Linear(in_features=1536, out_features=384, bias=True)
        (drop): Dropout(p=0.0, inplace=False)
      )
    )
    (6): Block(
      (norm1): LayerNorm((384,), eps=1e-06, elementwise_affine=True)
      (attn): Attention(
        (qkv): Linear(in_features=384, out_features=1152, bias=False)
        (attn_drop): Dropout(p=0.0, inplace=False)
        (proj): Linear(in_features=384, out_features=384, bias=True)
        (proj_drop): Dropout(p=0.0, inplace=False)
      )
      (drop_path): DropPath(p=0.054545458406209946)
      (norm2): LayerNorm((384,), eps=1e-06, elementwise_affine=True)
      (mlp): Mlp(
        (fc1): Linear(in_features=384, out_features=1536, bias=True)
        (act): GELU(approximate=none)
        (fc2): Linear(in_features=1536, out_features=384, bias=True)
        (drop): Dropout(p=0.0, inplace=False)
      )
    )
    (7): Block(
      (norm1): LayerNorm((384,), eps=1e-06, elementwise_affine=True)
      (attn): Attention(
        (qkv): Linear(in_features=384, out_features=1152, bias=False)
        (attn_drop): Dropout(p=0.0, inplace=False)
        (proj): Linear(in_features=384, out_features=384, bias=True)
        (proj_drop): Dropout(p=0.0, inplace=False)
      )
      (drop_path): DropPath(p=0.06363636255264282)
      (norm2): LayerNorm((384,), eps=1e-06, elementwise_affine=True)
      (mlp): Mlp(
        (fc1): Linear(in_features=384, out_features=1536, bias=True)
        (act): GELU(approximate=none)
        (fc2): Linear(in_features=1536, out_features=384, bias=True)
        (drop): Dropout(p=0.0, inplace=False)
      )
    )
    (8): Block(
      (norm1): LayerNorm((384,), eps=1e-06, elementwise_affine=True)
      (attn): Attention(
        (qkv): Linear(in_features=384, out_features=1152, bias=False)
        (attn_drop): Dropout(p=0.0, inplace=False)
        (proj): Linear(in_features=384, out_features=384, bias=True)
        (proj_drop): Dropout(p=0.0, inplace=False)
      )
      (drop_path): DropPath(p=0.0727272778749466)
      (norm2): LayerNorm((384,), eps=1e-06, elementwise_affine=True)
      (mlp): Mlp(
        (fc1): Linear(in_features=384, out_features=1536, bias=True)
        (act): GELU(approximate=none)
        (fc2): Linear(in_features=1536, out_features=384, bias=True)
        (drop): Dropout(p=0.0, inplace=False)
      )
    )
    (9): Block(
      (norm1): LayerNorm((384,), eps=1e-06, elementwise_affine=True)
      (attn): Attention(
        (qkv): Linear(in_features=384, out_features=1152, bias=False)
        (attn_drop): Dropout(p=0.0, inplace=False)
        (proj): Linear(in_features=384, out_features=384, bias=True)
        (proj_drop): Dropout(p=0.0, inplace=False)
      )
      (drop_path): DropPath(p=0.08181818574666977)
      (norm2): LayerNorm((384,), eps=1e-06, elementwise_affine=True)
      (mlp): Mlp(
        (fc1): Linear(in_features=384, out_features=1536, bias=True)
        (act): GELU(approximate=none)
        (fc2): Linear(in_features=1536, out_features=384, bias=True)
        (drop): Dropout(p=0.0, inplace=False)
      )
    )
    (10): Block(
      (norm1): LayerNorm((384,), eps=1e-06, elementwise_affine=True)
      (attn): Attention(
        (qkv): Linear(in_features=384, out_features=1152, bias=False)
        (attn_drop): Dropout(p=0.0, inplace=False)
        (proj): Linear(in_features=384, out_features=384, bias=True)
        (proj_drop): Dropout(p=0.0, inplace=False)
      )
      (drop_path): DropPath(p=0.09090909361839294)
      (norm2): LayerNorm((384,), eps=1e-06, elementwise_affine=True)
      (mlp): Mlp(
        (fc1): Linear(in_features=384, out_features=1536, bias=True)
        (act): GELU(approximate=none)
        (fc2): Linear(in_features=1536, out_features=384, bias=True)
        (drop): Dropout(p=0.0, inplace=False)
      )
    )
    (11): Block(
      (norm1): LayerNorm((384,), eps=1e-06, elementwise_affine=True)
      (attn): Attention(
        (qkv): Linear(in_features=384, out_features=1152, bias=False)
        (attn_drop): Dropout(p=0.0, inplace=False)
        (proj): Linear(in_features=384, out_features=384, bias=True)
        (proj_drop): Dropout(p=0.0, inplace=False)
      )
      (drop_path): DropPath(p=0.10000000149011612)
      (norm2): LayerNorm((384,), eps=1e-06, elementwise_affine=True)
      (mlp): Mlp(
        (fc1): Linear(in_features=384, out_features=1536, bias=True)
        (act): GELU(approximate=none)
        (fc2): Linear(in_features=1536, out_features=384, bias=True)
        (drop): Dropout(p=0.0, inplace=False)
      )
    )
  )
  (norm): Identity()
  (fc_norm): LayerNorm((384,), eps=1e-06, elementwise_affine=True)
  (fc_dropout): Identity()
  (head): Linear(in_features=384, out_features=174, bias=True)
)
number of params: 21946926
LR = 0.00004688
Batch size = 12
Update frequent = 1
Number of training examples = 33709
Number of training training per epoch = 2809
Assigned values = [0.009688901040699992, 0.01384128720099999, 0.019773267429999988, 0.028247524899999984, 0.04035360699999998, 0.05764800999999997, 0.08235429999999996, 0.11764899999999996, 0.16806999999999994, 0.24009999999999995, 0.3429999999999999, 0.48999999999999994, 0.7, 1.0]
Skip weight decay list:  {'cls_token', 'pos_embed'}
Param groups = {
  "layer_0_decay": {
    "weight_decay": 0.05,
    "params": [
      "patch_embed.proj.weight"
    ],
    "lr_scale": 0.009688901040699992
  },
  "layer_0_no_decay": {
    "weight_decay": 0.0,
    "params": [
      "patch_embed.proj.bias"
    ],
    "lr_scale": 0.009688901040699992
  },
  "layer_1_no_decay": {
    "weight_decay": 0.0,
    "params": [
      "blocks.0.norm1.weight",
      "blocks.0.norm1.bias",
      "blocks.0.attn.q_bias",
      "blocks.0.attn.v_bias",
      "blocks.0.attn.proj.bias",
      "blocks.0.norm2.weight",
      "blocks.0.norm2.bias",
      "blocks.0.mlp.fc1.bias",
      "blocks.0.mlp.fc2.bias"
    ],
    "lr_scale": 0.01384128720099999
  },
  "layer_1_decay": {
    "weight_decay": 0.05,
    "params": [
      "blocks.0.attn.qkv.weight",
      "blocks.0.attn.proj.weight",
      "blocks.0.mlp.fc1.weight",
      "blocks.0.mlp.fc2.weight"
    ],
    "lr_scale": 0.01384128720099999
  },
  "layer_2_no_decay": {
    "weight_decay": 0.0,
    "params": [
      "blocks.1.norm1.weight",
      "blocks.1.norm1.bias",
      "blocks.1.attn.q_bias",
      "blocks.1.attn.v_bias",
      "blocks.1.attn.proj.bias",
      "blocks.1.norm2.weight",
      "blocks.1.norm2.bias",
      "blocks.1.mlp.fc1.bias",
      "blocks.1.mlp.fc2.bias"
    ],
    "lr_scale": 0.019773267429999988
  },
  "layer_2_decay": {
    "weight_decay": 0.05,
    "params": [
      "blocks.1.attn.qkv.weight",
      "blocks.1.attn.proj.weight",
      "blocks.1.mlp.fc1.weight",
      "blocks.1.mlp.fc2.weight"
    ],
    "lr_scale": 0.019773267429999988
  },
  "layer_3_no_decay": {
    "weight_decay": 0.0,
    "params": [
      "blocks.2.norm1.weight",
      "blocks.2.norm1.bias",
      "blocks.2.attn.q_bias",
      "blocks.2.attn.v_bias",
      "blocks.2.attn.proj.bias",
      "blocks.2.norm2.weight",
      "blocks.2.norm2.bias",
      "blocks.2.mlp.fc1.bias",
      "blocks.2.mlp.fc2.bias"
    ],
    "lr_scale": 0.028247524899999984
  },
  "layer_3_decay": {
    "weight_decay": 0.05,
    "params": [
      "blocks.2.attn.qkv.weight",
      "blocks.2.attn.proj.weight",
      "blocks.2.mlp.fc1.weight",
      "blocks.2.mlp.fc2.weight"
    ],
    "lr_scale": 0.028247524899999984
  },
  "layer_4_no_decay": {
    "weight_decay": 0.0,
    "params": [
      "blocks.3.norm1.weight",
      "blocks.3.norm1.bias",
      "blocks.3.attn.q_bias",
      "blocks.3.attn.v_bias",
      "blocks.3.attn.proj.bias",
      "blocks.3.norm2.weight",
      "blocks.3.norm2.bias",
      "blocks.3.mlp.fc1.bias",
      "blocks.3.mlp.fc2.bias"
    ],
    "lr_scale": 0.04035360699999998
  },
  "layer_4_decay": {
    "weight_decay": 0.05,
    "params": [
      "blocks.3.attn.qkv.weight",
      "blocks.3.attn.proj.weight",
      "blocks.3.mlp.fc1.weight",
      "blocks.3.mlp.fc2.weight"
    ],
    "lr_scale": 0.04035360699999998
  },
  "layer_5_no_decay": {
    "weight_decay": 0.0,
    "params": [
      "blocks.4.norm1.weight",
      "blocks.4.norm1.bias",
      "blocks.4.attn.q_bias",
      "blocks.4.attn.v_bias",
      "blocks.4.attn.proj.bias",
      "blocks.4.norm2.weight",
      "blocks.4.norm2.bias",
      "blocks.4.mlp.fc1.bias",
      "blocks.4.mlp.fc2.bias"
    ],
    "lr_scale": 0.05764800999999997
  },
  "layer_5_decay": {
    "weight_decay": 0.05,
    "params": [
      "blocks.4.attn.qkv.weight",
      "blocks.4.attn.proj.weight",
      "blocks.4.mlp.fc1.weight",
      "blocks.4.mlp.fc2.weight"
    ],
    "lr_scale": 0.05764800999999997
  },
  "layer_6_no_decay": {
    "weight_decay": 0.0,
    "params": [
      "blocks.5.norm1.weight",
      "blocks.5.norm1.bias",
      "blocks.5.attn.q_bias",
      "blocks.5.attn.v_bias",
      "blocks.5.attn.proj.bias",
      "blocks.5.norm2.weight",
      "blocks.5.norm2.bias",
      "blocks.5.mlp.fc1.bias",
      "blocks.5.mlp.fc2.bias"
    ],
    "lr_scale": 0.08235429999999996
  },
  "layer_6_decay": {
    "weight_decay": 0.05,
    "params": [
      "blocks.5.attn.qkv.weight",
      "blocks.5.attn.proj.weight",
      "blocks.5.mlp.fc1.weight",
      "blocks.5.mlp.fc2.weight"
    ],
    "lr_scale": 0.08235429999999996
  },
  "layer_7_no_decay": {
    "weight_decay": 0.0,
    "params": [
      "blocks.6.norm1.weight",
      "blocks.6.norm1.bias",
      "blocks.6.attn.q_bias",
      "blocks.6.attn.v_bias",
      "blocks.6.attn.proj.bias",
      "blocks.6.norm2.weight",
      "blocks.6.norm2.bias",
      "blocks.6.mlp.fc1.bias",
      "blocks.6.mlp.fc2.bias"
    ],
    "lr_scale": 0.11764899999999996
  },
  "layer_7_decay": {
    "weight_decay": 0.05,
    "params": [
      "blocks.6.attn.qkv.weight",
      "blocks.6.attn.proj.weight",
      "blocks.6.mlp.fc1.weight",
      "blocks.6.mlp.fc2.weight"
    ],
    "lr_scale": 0.11764899999999996
  },
  "layer_8_no_decay": {
    "weight_decay": 0.0,
    "params": [
      "blocks.7.norm1.weight",
      "blocks.7.norm1.bias",
      "blocks.7.attn.q_bias",
      "blocks.7.attn.v_bias",
      "blocks.7.attn.proj.bias",
      "blocks.7.norm2.weight",
      "blocks.7.norm2.bias",
      "blocks.7.mlp.fc1.bias",
      "blocks.7.mlp.fc2.bias"
    ],
    "lr_scale": 0.16806999999999994
  },
  "layer_8_decay": {
    "weight_decay": 0.05,
    "params": [
      "blocks.7.attn.qkv.weight",
      "blocks.7.attn.proj.weight",
      "blocks.7.mlp.fc1.weight",
      "blocks.7.mlp.fc2.weight"
    ],
    "lr_scale": 0.16806999999999994
  },
  "layer_9_no_decay": {
    "weight_decay": 0.0,
    "params": [
      "blocks.8.norm1.weight",
      "blocks.8.norm1.bias",
      "blocks.8.attn.q_bias",
      "blocks.8.attn.v_bias",
      "blocks.8.attn.proj.bias",
      "blocks.8.norm2.weight",
      "blocks.8.norm2.bias",
      "blocks.8.mlp.fc1.bias",
      "blocks.8.mlp.fc2.bias"
    ],
    "lr_scale": 0.24009999999999995
  },
  "layer_9_decay": {
    "weight_decay": 0.05,
    "params": [
      "blocks.8.attn.qkv.weight",
      "blocks.8.attn.proj.weight",
      "blocks.8.mlp.fc1.weight",
      "blocks.8.mlp.fc2.weight"
    ],
    "lr_scale": 0.24009999999999995
  },
  "layer_10_no_decay": {
    "weight_decay": 0.0,
    "params": [
      "blocks.9.norm1.weight",
      "blocks.9.norm1.bias",
      "blocks.9.attn.q_bias",
      "blocks.9.attn.v_bias",
      "blocks.9.attn.proj.bias",
      "blocks.9.norm2.weight",
      "blocks.9.norm2.bias",
      "blocks.9.mlp.fc1.bias",
      "blocks.9.mlp.fc2.bias"
    ],
    "lr_scale": 0.3429999999999999
  },
  "layer_10_decay": {
    "weight_decay": 0.05,
    "params": [
      "blocks.9.attn.qkv.weight",
      "blocks.9.attn.proj.weight",
      "blocks.9.mlp.fc1.weight",
      "blocks.9.mlp.fc2.weight"
    ],
    "lr_scale": 0.3429999999999999
  },
  "layer_11_no_decay": {
    "weight_decay": 0.0,
    "params": [
      "blocks.10.norm1.weight",
      "blocks.10.norm1.bias",
      "blocks.10.attn.q_bias",
      "blocks.10.attn.v_bias",
      "blocks.10.attn.proj.bias",
      "blocks.10.norm2.weight",
      "blocks.10.norm2.bias",
      "blocks.10.mlp.fc1.bias",
      "blocks.10.mlp.fc2.bias"
    ],
    "lr_scale": 0.48999999999999994
  },
  "layer_11_decay": {
    "weight_decay": 0.05,
    "params": [
      "blocks.10.attn.qkv.weight",
      "blocks.10.attn.proj.weight",
      "blocks.10.mlp.fc1.weight",
      "blocks.10.mlp.fc2.weight"
    ],
    "lr_scale": 0.48999999999999994
  },
  "layer_12_no_decay": {
    "weight_decay": 0.0,
    "params": [
      "blocks.11.norm1.weight",
      "blocks.11.norm1.bias",
      "blocks.11.attn.q_bias",
      "blocks.11.attn.v_bias",
      "blocks.11.attn.proj.bias",
      "blocks.11.norm2.weight",
      "blocks.11.norm2.bias",
      "blocks.11.mlp.fc1.bias",
      "blocks.11.mlp.fc2.bias"
    ],
    "lr_scale": 0.7
  },
  "layer_12_decay": {
    "weight_decay": 0.05,
    "params": [
      "blocks.11.attn.qkv.weight",
      "blocks.11.attn.proj.weight",
      "blocks.11.mlp.fc1.weight",
      "blocks.11.mlp.fc2.weight"
    ],
    "lr_scale": 0.7
  },
  "layer_13_no_decay": {
    "weight_decay": 0.0,
    "params": [
      "fc_norm.weight",
      "fc_norm.bias",
      "head.bias"
    ],
    "lr_scale": 1.0
  },
  "layer_13_decay": {
    "weight_decay": 0.05,
    "params": [
      "head.weight"
    ],
    "lr_scale": 1.0
  }
}
[2025-01-13 10:17:49,398] [INFO] [logging.py:96:log_dist] [Rank -1] DeepSpeed info: version=0.13.1, git-hash=unknown, git-branch=unknown
[2025-01-13 10:17:49,398] [INFO] [comm.py:637:init_distributed] cdb=None
[2025-01-13 10:17:49,430] [INFO] [logging.py:96:log_dist] [Rank 0] DeepSpeed Flops Profiler Enabled: False
Using /home/maggie/.cache/torch_extensions/py310_cu116 as PyTorch extensions root...
Detected CUDA files, patching ldflags
Emitting ninja build file /home/maggie/.cache/torch_extensions/py310_cu116/fused_adam/build.ninja...
Building extension module fused_adam...
Allowing ninja to set a default number of workers... (overridable by setting the environment variable MAX_JOBS=N)
ninja: no work to do.
Loading extension module fused_adam...
Time to load fused_adam op: 0.05914592742919922 seconds
[2025-01-13 10:17:49,792] [INFO] [logging.py:96:log_dist] [Rank 0] Using DeepSpeed Optimizer param name adam as basic optimizer
[2025-01-13 10:17:49,793] [INFO] [logging.py:96:log_dist] [Rank 0] Removing param_group that has no 'params' in the basic Optimizer
[2025-01-13 10:17:49,795] [INFO] [logging.py:96:log_dist] [Rank 0] DeepSpeed Basic Optimizer = FusedAdam
[2025-01-13 10:17:49,795] [INFO] [logging.py:96:log_dist] [Rank 0] Creating fp16 optimizer with dynamic loss scale
[2025-01-13 10:17:49,802] [INFO] [logging.py:96:log_dist] [Rank 0] DeepSpeed Final Optimizer = adam
[2025-01-13 10:17:49,802] [INFO] [logging.py:96:log_dist] [Rank 0] DeepSpeed using client LR scheduler
[2025-01-13 10:17:49,802] [INFO] [logging.py:96:log_dist] [Rank 0] DeepSpeed LR Scheduler = None
[2025-01-13 10:17:49,803] [INFO] [logging.py:96:log_dist] [Rank 0] step=0, skipped=0, lr=[0.001, 0.001, 0.001, 0.001, 0.001, 0.001, 0.001, 0.001, 0.001, 0.001, 0.001, 0.001, 0.001, 0.001, 0.001, 0.001, 0.001, 0.001, 0.001, 0.001, 0.001, 0.001, 0.001, 0.001, 0.001, 0.001, 0.001, 0.001], mom=[[0.9, 0.999], [0.9, 0.999], [0.9, 0.999], [0.9, 0.999], [0.9, 0.999], [0.9, 0.999], [0.9, 0.999], [0.9, 0.999], [0.9, 0.999], [0.9, 0.999], [0.9, 0.999], [0.9, 0.999], [0.9, 0.999], [0.9, 0.999], [0.9, 0.999], [0.9, 0.999], [0.9, 0.999], [0.9, 0.999], [0.9, 0.999], [0.9, 0.999], [0.9, 0.999], [0.9, 0.999], [0.9, 0.999], [0.9, 0.999], [0.9, 0.999], [0.9, 0.999], [0.9, 0.999], [0.9, 0.999]]
[2025-01-13 10:17:49,803] [INFO] [config.py:984:print] DeepSpeedEngine configuration:
[2025-01-13 10:17:49,803] [INFO] [config.py:988:print]   activation_checkpointing_config  {
    "partition_activations": false, 
    "contiguous_memory_optimization": false, 
    "cpu_checkpointing": false, 
    "number_checkpoints": null, 
    "synchronize_checkpoint_boundary": false, 
    "profile": false
}
[2025-01-13 10:17:49,803] [INFO] [config.py:988:print]   aio_config ................... {'block_size': 1048576, 'queue_depth': 8, 'thread_count': 1, 'single_submit': False, 'overlap_events': True}
[2025-01-13 10:17:49,803] [INFO] [config.py:988:print]   amp_enabled .................. False
[2025-01-13 10:17:49,803] [INFO] [config.py:988:print]   amp_params ................... False
[2025-01-13 10:17:49,803] [INFO] [config.py:988:print]   autotuning_config ............ {
    "enabled": false, 
    "start_step": null, 
    "end_step": null, 
    "metric_path": null, 
    "arg_mappings": null, 
    "metric": "throughput", 
    "model_info": null, 
    "results_dir": "autotuning_results", 
    "exps_dir": "autotuning_exps", 
    "overwrite": true, 
    "fast": true, 
    "start_profile_step": 3, 
    "end_profile_step": 5, 
    "tuner_type": "gridsearch", 
    "tuner_early_stopping": 5, 
    "tuner_num_trials": 50, 
    "model_info_path": null, 
    "mp_size": 1, 
    "max_train_batch_size": null, 
    "min_train_batch_size": 1, 
    "max_train_micro_batch_size_per_gpu": 1.024000e+03, 
    "min_train_micro_batch_size_per_gpu": 1, 
    "num_tuning_micro_batch_sizes": 3
}
[2025-01-13 10:17:49,803] [INFO] [config.py:988:print]   bfloat16_enabled ............. False
[2025-01-13 10:17:49,803] [INFO] [config.py:988:print]   checkpoint_parallel_write_pipeline  False
[2025-01-13 10:17:49,803] [INFO] [config.py:988:print]   checkpoint_tag_validation_enabled  True
[2025-01-13 10:17:49,803] [INFO] [config.py:988:print]   checkpoint_tag_validation_fail  False
[2025-01-13 10:17:49,804] [INFO] [config.py:988:print]   comms_config ................. <deepspeed.comm.config.DeepSpeedCommsConfig object at 0x7f8d33aaee90>
[2025-01-13 10:17:49,804] [INFO] [config.py:988:print]   communication_data_type ...... None
[2025-01-13 10:17:49,804] [INFO] [config.py:988:print]   compression_config ........... {'weight_quantization': {'shared_parameters': {'enabled': False, 'quantizer_kernel': False, 'schedule_offset': 0, 'quantize_groups': 1, 'quantize_verbose': False, 'quantization_type': 'symmetric', 'quantize_weight_in_forward': False, 'rounding': 'nearest', 'fp16_mixed_quantize': False, 'quantize_change_ratio': 0.001}, 'different_groups': {}}, 'activation_quantization': {'shared_parameters': {'enabled': False, 'quantization_type': 'symmetric', 'range_calibration': 'dynamic', 'schedule_offset': 1000}, 'different_groups': {}}, 'sparse_pruning': {'shared_parameters': {'enabled': False, 'method': 'l1', 'schedule_offset': 1000}, 'different_groups': {}}, 'row_pruning': {'shared_parameters': {'enabled': False, 'method': 'l1', 'schedule_offset': 1000}, 'different_groups': {}}, 'head_pruning': {'shared_parameters': {'enabled': False, 'method': 'topk', 'schedule_offset': 1000}, 'different_groups': {}}, 'channel_pruning': {'shared_parameters': {'enabled': False, 'method': 'l1', 'schedule_offset': 1000}, 'different_groups': {}}, 'layer_reduction': {'enabled': False}}
[2025-01-13 10:17:49,804] [INFO] [config.py:988:print]   curriculum_enabled_legacy .... False
[2025-01-13 10:17:49,804] [INFO] [config.py:988:print]   curriculum_params_legacy ..... False
[2025-01-13 10:17:49,804] [INFO] [config.py:988:print]   data_efficiency_config ....... {'enabled': False, 'seed': 1234, 'data_sampling': {'enabled': False, 'num_epochs': 1000, 'num_workers': 0, 'curriculum_learning': {'enabled': False}}, 'data_routing': {'enabled': False, 'random_ltd': {'enabled': False, 'layer_token_lr_schedule': {'enabled': False}}}}
[2025-01-13 10:17:49,804] [INFO] [config.py:988:print]   data_efficiency_enabled ...... False
[2025-01-13 10:17:49,804] [INFO] [config.py:988:print]   dataloader_drop_last ......... False
[2025-01-13 10:17:49,804] [INFO] [config.py:988:print]   disable_allgather ............ False
[2025-01-13 10:17:49,804] [INFO] [config.py:988:print]   dump_state ................... False
[2025-01-13 10:17:49,804] [INFO] [config.py:988:print]   dynamic_loss_scale_args ...... {'init_scale': 128, 'scale_window': 128, 'delayed_shift': 2, 'consecutive_hysteresis': False, 'min_scale': 1}
[2025-01-13 10:17:49,804] [INFO] [config.py:988:print]   eigenvalue_enabled ........... False
[2025-01-13 10:17:49,804] [INFO] [config.py:988:print]   eigenvalue_gas_boundary_resolution  1
[2025-01-13 10:17:49,804] [INFO] [config.py:988:print]   eigenvalue_layer_name ........ bert.encoder.layer
[2025-01-13 10:17:49,804] [INFO] [config.py:988:print]   eigenvalue_layer_num ......... 0
[2025-01-13 10:17:49,804] [INFO] [config.py:988:print]   eigenvalue_max_iter .......... 100
[2025-01-13 10:17:49,804] [INFO] [config.py:988:print]   eigenvalue_stability ......... 1e-06
[2025-01-13 10:17:49,804] [INFO] [config.py:988:print]   eigenvalue_tol ............... 0.01
[2025-01-13 10:17:49,804] [INFO] [config.py:988:print]   eigenvalue_verbose ........... False
[2025-01-13 10:17:49,804] [INFO] [config.py:988:print]   elasticity_enabled ........... False
[2025-01-13 10:17:49,804] [INFO] [config.py:988:print]   flops_profiler_config ........ {
    "enabled": false, 
    "recompute_fwd_factor": 0.0, 
    "profile_step": 1, 
    "module_depth": -1, 
    "top_modules": 1, 
    "detailed": true, 
    "output_file": null
}
[2025-01-13 10:17:49,804] [INFO] [config.py:988:print]   fp16_auto_cast ............... False
[2025-01-13 10:17:49,804] [INFO] [config.py:988:print]   fp16_enabled ................. True
[2025-01-13 10:17:49,804] [INFO] [config.py:988:print]   fp16_master_weights_and_gradients  False
[2025-01-13 10:17:49,804] [INFO] [config.py:988:print]   global_rank .................. 0
[2025-01-13 10:17:49,804] [INFO] [config.py:988:print]   grad_accum_dtype ............. None
[2025-01-13 10:17:49,804] [INFO] [config.py:988:print]   gradient_accumulation_steps .. 1
[2025-01-13 10:17:49,804] [INFO] [config.py:988:print]   gradient_clipping ............ 0.0
[2025-01-13 10:17:49,804] [INFO] [config.py:988:print]   gradient_predivide_factor .... 1.0
[2025-01-13 10:17:49,804] [INFO] [config.py:988:print]   graph_harvesting ............. False
[2025-01-13 10:17:49,804] [INFO] [config.py:988:print]   hybrid_engine ................ enabled=False max_out_tokens=512 inference_tp_size=1 release_inference_cache=False pin_parameters=True tp_gather_partition_size=8
[2025-01-13 10:17:49,804] [INFO] [config.py:988:print]   initial_dynamic_scale ........ 128
[2025-01-13 10:17:49,804] [INFO] [config.py:988:print]   load_universal_checkpoint .... False
[2025-01-13 10:17:49,804] [INFO] [config.py:988:print]   loss_scale ................... 0
[2025-01-13 10:17:49,804] [INFO] [config.py:988:print]   memory_breakdown ............. False
[2025-01-13 10:17:49,804] [INFO] [config.py:988:print]   mics_hierarchial_params_gather  False
[2025-01-13 10:17:49,804] [INFO] [config.py:988:print]   mics_shard_size .............. -1
[2025-01-13 10:17:49,804] [INFO] [config.py:988:print]   monitor_config ............... tensorboard=TensorBoardConfig(enabled=False, output_path='', job_name='DeepSpeedJobName') wandb=WandbConfig(enabled=False, group=None, team=None, project='deepspeed') csv_monitor=CSVConfig(enabled=False, output_path='', job_name='DeepSpeedJobName') enabled=False
[2025-01-13 10:17:49,804] [INFO] [config.py:988:print]   nebula_config ................ {
    "enabled": false, 
    "persistent_storage_path": null, 
    "persistent_time_interval": 100, 
    "num_of_version_in_retention": 2, 
    "enable_nebula_load": true, 
    "load_path": null
}
[2025-01-13 10:17:49,804] [INFO] [config.py:988:print]   optimizer_legacy_fusion ...... False
[2025-01-13 10:17:49,804] [INFO] [config.py:988:print]   optimizer_name ............... adam
[2025-01-13 10:17:49,804] [INFO] [config.py:988:print]   optimizer_params ............. {'lr': 0.001, 'weight_decay': 0.05, 'bias_correction': True, 'betas': [0.9, 0.999], 'eps': 1e-08}
[2025-01-13 10:17:49,804] [INFO] [config.py:988:print]   pipeline ..................... {'stages': 'auto', 'partition': 'best', 'seed_layers': False, 'activation_checkpoint_interval': 0, 'pipe_partitioned': True, 'grad_partitioned': True}
[2025-01-13 10:17:49,804] [INFO] [config.py:988:print]   pld_enabled .................. False
[2025-01-13 10:17:49,804] [INFO] [config.py:988:print]   pld_params ................... False
[2025-01-13 10:17:49,804] [INFO] [config.py:988:print]   prescale_gradients ........... False
[2025-01-13 10:17:49,804] [INFO] [config.py:988:print]   scheduler_name ............... None
[2025-01-13 10:17:49,804] [INFO] [config.py:988:print]   scheduler_params ............. None
[2025-01-13 10:17:49,804] [INFO] [config.py:988:print]   seq_parallel_communication_data_type  torch.float32
[2025-01-13 10:17:49,804] [INFO] [config.py:988:print]   sparse_attention ............. None
[2025-01-13 10:17:49,804] [INFO] [config.py:988:print]   sparse_gradients_enabled ..... False
[2025-01-13 10:17:49,805] [INFO] [config.py:988:print]   steps_per_print .............. 1000
[2025-01-13 10:17:49,805] [INFO] [config.py:988:print]   train_batch_size ............. 12
[2025-01-13 10:17:49,805] [INFO] [config.py:988:print]   train_micro_batch_size_per_gpu  12
[2025-01-13 10:17:49,805] [INFO] [config.py:988:print]   use_data_before_expert_parallel_  False
[2025-01-13 10:17:49,805] [INFO] [config.py:988:print]   use_node_local_storage ....... False
[2025-01-13 10:17:49,805] [INFO] [config.py:988:print]   wall_clock_breakdown ......... False
[2025-01-13 10:17:49,805] [INFO] [config.py:988:print]   weight_quantization_config ... None
[2025-01-13 10:17:49,805] [INFO] [config.py:988:print]   world_size ................... 1
[2025-01-13 10:17:49,805] [INFO] [config.py:988:print]   zero_allow_untested_optimizer  False
[2025-01-13 10:17:49,805] [INFO] [config.py:988:print]   zero_config .................. stage=0 contiguous_gradients=True reduce_scatter=True reduce_bucket_size=500,000,000 use_multi_rank_bucket_allreduce=True allgather_partitions=True allgather_bucket_size=500,000,000 overlap_comm=False load_from_fp32_weights=True elastic_checkpoint=False offload_param=None offload_optimizer=None sub_group_size=1,000,000,000 cpu_offload_param=None cpu_offload_use_pin_memory=None cpu_offload=None prefetch_bucket_size=50,000,000 param_persistence_threshold=100,000 model_persistence_threshold=sys.maxsize max_live_parameters=1,000,000,000 max_reuse_distance=1,000,000,000 gather_16bit_weights_on_model_save=False stage3_gather_fp16_weights_on_model_save=False ignore_unused_parameters=True legacy_stage1=False round_robin_gradients=False zero_hpz_partition_size=1 zero_quantized_weights=False zero_quantized_nontrainable_weights=False zero_quantized_gradients=False mics_shard_size=-1 mics_hierarchical_params_gather=False memory_efficient_linear=True pipeline_loading_checkpoint=False override_module_apply=True
[2025-01-13 10:17:49,805] [INFO] [config.py:988:print]   zero_enabled ................. False
[2025-01-13 10:17:49,805] [INFO] [config.py:988:print]   zero_force_ds_cpu_optimizer .. True
[2025-01-13 10:17:49,805] [INFO] [config.py:988:print]   zero_optimization_stage ...... 0
[2025-01-13 10:17:49,805] [INFO] [config.py:974:print_user_config]   json = {
    "train_batch_size": 12, 
    "train_micro_batch_size_per_gpu": 12, 
    "steps_per_print": 1000, 
    "optimizer": {
        "type": "Adam", 
        "adam_w_mode": true, 
        "params": {
            "lr": 0.001, 
            "weight_decay": 0.05, 
            "bias_correction": true, 
            "betas": [0.9, 0.999], 
            "eps": 1e-08
        }
    }, 
    "fp16": {
        "enabled": true, 
        "loss_scale": 0, 
        "initial_scale_power": 7, 
        "loss_scale_window": 128
    }
}
model.gradient_accumulation_steps() = 1
Use step level LR scheduler!
Set warmup steps = 14045
Set warmup steps = 0
Max WD = 0.0500000, Min WD = 0.0500000
criterion = SoftTargetCrossEntropy()
Start training for 40 epochs
